<?xml version="1.0" encoding="UTF-8"?>
<testsuite name="com.CRUD.CRUD.CrudApplicationTests" tests="1" skipped="0" failures="0" errors="0" timestamp="2022-12-31T17:33:29" hostname="HITESHANNEY" time="0.164">
  <properties/>
  <testcase name="contextLoads()" classname="com.CRUD.CRUD.CrudApplicationTests" time="0.164"/>
  <system-out><![CDATA[23:03:25.918 [Test worker] DEBUG org.springframework.boot.test.context.SpringBootTestContextBootstrapper - Neither @ContextConfiguration nor @ContextHierarchy found for test class [CrudApplicationTests]: using SpringBootContextLoader
23:03:25.918 [Test worker] DEBUG org.springframework.test.context.support.AbstractContextLoader - Could not detect default resource locations for test class [com.CRUD.CRUD.CrudApplicationTests]: no resource found for suffixes {-context.xml, Context.groovy}.
23:03:25.918 [Test worker] INFO org.springframework.test.context.support.AnnotationConfigContextLoaderUtils - Could not detect default configuration classes for test class [com.CRUD.CRUD.CrudApplicationTests]: CrudApplicationTests does not declare any static, non-private, non-final, nested classes annotated with @Configuration.
23:03:25.955 [Test worker] DEBUG org.springframework.boot.test.context.SpringBootTestContextBootstrapper - Using ContextCustomizers for test class [CrudApplicationTests]: [DisableObservabilityContextCustomizer, PropertyMappingContextCustomizer, Customizer, ExcludeFilterContextCustomizer, DuplicateJsonObjectContextCustomizer, MockitoContextCustomizer, TestRestTemplateContextCustomizer]
23:03:26.035 [Test worker] DEBUG org.springframework.context.annotation.ClassPathScanningCandidateComponentProvider - Identified candidate component class: file [C:\Users\Hitesh Anney\Downloads\CRUD\CRUD\build\classes\java\main\com\CRUD\CRUD\CrudApplication.class]
23:03:26.038 [Test worker] INFO org.springframework.boot.test.context.SpringBootTestContextBootstrapper - Found @SpringBootConfiguration com.CRUD.CRUD.CrudApplication for test class com.CRUD.CRUD.CrudApplicationTests
23:03:26.154 [Test worker] DEBUG org.springframework.boot.test.context.SpringBootTestContextBootstrapper - Using TestExecutionListeners for test class [CrudApplicationTests]: [ServletTestExecutionListener, DirtiesContextBeforeModesTestExecutionListener, ApplicationEventsTestExecutionListener, MockitoTestExecutionListener, DependencyInjectionTestExecutionListener, DirtiesContextTestExecutionListener, TransactionalTestExecutionListener, SqlScriptsTestExecutionListener, EventPublishingTestExecutionListener, RestDocsTestExecutionListener, MockRestServiceServerResetTestExecutionListener, MockMvcPrintOnlyOnFailureTestExecutionListener, WebDriverTestExecutionListener, MockWebServiceServerTestExecutionListener, ResetMocksTestExecutionListener]
23:03:26.154 [Test worker] DEBUG org.springframework.test.context.support.AbstractDirtiesContextTestExecutionListener - Before test class: class [CrudApplicationTests], class annotated with @DirtiesContext [false] with mode [null]

  .   ____          _            __ _ _
 /\\ / ___'_ __ _ _(_)_ __  __ _ \ \ \ \
( ( )\___ | '_ | '_| | '_ \/ _` | \ \ \ \
 \\/  ___)| |_)| | | | | || (_| |  ) ) ) )
  '  |____| .__|_| |_|_| |_\__, | / / / /
 =========|_|==============|___/=/_/_/_/
 :: Spring Boot ::                (v3.0.0)

2022-12-31T23:03:26.429+05:30  INFO 25144 --- [    Test worker] com.CRUD.CRUD.CrudApplicationTests       : Starting CrudApplicationTests using Java 17.0.4 with PID 25144 (started by Hitesh Anney in C:\Users\Hitesh Anney\Downloads\CRUD\CRUD)
2022-12-31T23:03:26.429+05:30  INFO 25144 --- [    Test worker] com.CRUD.CRUD.CrudApplicationTests       : No active profile set, falling back to 1 default profile: "default"
2022-12-31T23:03:27.009+05:30  INFO 25144 --- [    Test worker] .s.d.r.c.RepositoryConfigurationDelegate : Bootstrapping Spring Data JPA repositories in DEFAULT mode.
2022-12-31T23:03:27.058+05:30  INFO 25144 --- [    Test worker] .s.d.r.c.RepositoryConfigurationDelegate : Finished Spring Data repository scanning in 50 ms. Found 1 JPA repository interfaces.
2022-12-31T23:03:27.426+05:30  INFO 25144 --- [    Test worker] o.hibernate.jpa.internal.util.LogHelper  : HHH000204: Processing PersistenceUnitInfo [name: default]
2022-12-31T23:03:27.489+05:30  INFO 25144 --- [    Test worker] org.hibernate.Version                    : HHH000412: Hibernate ORM core version 6.1.5.Final
2022-12-31T23:03:27.647+05:30  WARN 25144 --- [    Test worker] org.hibernate.orm.deprecation            : HHH90000021: Encountered deprecated setting [javax.persistence.sharedCache.mode], use [jakarta.persistence.sharedCache.mode] instead
2022-12-31T23:03:27.774+05:30  INFO 25144 --- [    Test worker] com.zaxxer.hikari.HikariDataSource       : HikariPool-1 - Starting...
2022-12-31T23:03:27.932+05:30  INFO 25144 --- [    Test worker] com.zaxxer.hikari.pool.HikariPool        : HikariPool-1 - Added connection conn0: url=jdbc:h2:mem:mydb user=SA
2022-12-31T23:03:27.932+05:30  INFO 25144 --- [    Test worker] com.zaxxer.hikari.HikariDataSource       : HikariPool-1 - Start completed.
2022-12-31T23:03:27.964+05:30  INFO 25144 --- [    Test worker] SQL dialect                              : HHH000400: Using dialect: org.hibernate.dialect.H2Dialect
Hibernate: drop table if exists student cascade 
Hibernate: create table student (id integer not null, age integer, email varchar(255), name varchar(255), primary key (id))
2022-12-31T23:03:28.548+05:30  INFO 25144 --- [    Test worker] o.h.e.t.j.p.i.JtaPlatformInitiator       : HHH000490: Using JtaPlatform implementation: [org.hibernate.engine.transaction.jta.platform.internal.NoJtaPlatform]
2022-12-31T23:03:28.548+05:30  INFO 25144 --- [    Test worker] j.LocalContainerEntityManagerFactoryBean : Initialized JPA EntityManagerFactory for persistence unit 'default'
2022-12-31T23:03:29.228+05:30  INFO 25144 --- [    Test worker] o.s.b.a.h2.H2ConsoleAutoConfiguration    : H2 console available at '/h2'. Database available at 'jdbc:h2:mem:mydb'
2022-12-31T23:03:29.292+05:30  INFO 25144 --- [    Test worker] com.CRUD.CRUD.CrudApplicationTests       : Started CrudApplicationTests in 3.083 seconds (process running for 4.213)
]]></system-out>
  <system-err><![CDATA[]]></system-err>
</testsuite>
